<?xml version="1.0" encoding="UTF-8"?>
<!-- Generated by org.testng.reporters.JUnitXMLReporter -->
<testsuite ignored="0" hostname="LAPTOP-SNCES83Q" failures="0" tests="2" name="Default test" time="45.955" errors="0" timestamp="2024-11-06T18:43:11 IST">
  <testcase classname="anushaankam.tests.ErrorValidationsTest" name="LoginErrorValidation" time="0.789"/>
  <testcase classname="anushaankam.tests.ErrorValidationsTest" name="ProductErrorValidation" time="36.007"/>
</testsuite> <!-- Default test -->
