<?xml version="1.0" encoding="UTF-8"?>
<!-- Generated by org.testng.reporters.JUnitXMLReporter -->
<testsuite ignored="0" hostname="LAPTOP-SNCES83Q" failures="0" tests="3" name="Submit Order Test" time="104.434" errors="0" timestamp="2024-08-29T20:16:56 IST">
  <testcase classname="anushaankam.tests.SubmitOrderTest" name="TestApp" time="35.472"/>
  <testcase classname="anushaankam.tests.SubmitOrderTest" name="TestApp" time="34.993"/>
  <testcase classname="anushaankam.tests.SubmitOrderTest" name="OrderHistoryTest" time="0.965"/>
</testsuite> <!-- Submit Order Test -->
