<?xml version="1.0" encoding="UTF-8"?>
<!-- Generated by org.testng.reporters.JUnitXMLReporter -->
<testsuite ignored="0" hostname="LAPTOP-SNCES83Q" failures="0" tests="2" name="Error Validations Test" time="46.047" errors="0" timestamp="2024-09-04T19:32:12 IST">
  <testcase classname="anushaankam.tests.ErrorValidationsTest" name="LoginErrorValidation" time="0.84"/>
  <testcase classname="anushaankam.tests.ErrorValidationsTest" name="ProductErrorValidation" time="36.042"/>
</testsuite> <!-- Error Validations Test -->
