<?xml version="1.0" encoding="UTF-8"?>
<!-- Generated by org.testng.reporters.JUnitXMLReporter -->
<testsuite ignored="0" hostname="LAPTOP-SNCES83Q" failures="0" tests="3" name="Submit Order Test" time="262.345" errors="0" timestamp="2024-09-04T19:35:48 IST">
  <testcase classname="anushaankam.tests.SubmitOrderTest" name="TestApp" time="41.563"/>
  <testcase classname="anushaankam.tests.SubmitOrderTest" name="TestApp" time="41.458"/>
  <testcase classname="anushaankam.tests.SubmitOrderTest" name="OrderHistoryTest" time="1.159"/>
</testsuite> <!-- Submit Order Test -->
