<?xml version="1.0" encoding="UTF-8"?>
<testng-results ignored="0" total="5" passed="5" failed="0" skipped="0">
  <reporter-output>
  </reporter-output>
  <suite started-at="2024-09-04T19:31:25 IST" name="Suite" finished-at="2024-09-04T19:35:48 IST" duration-ms="262345">
    <groups>
      <group name="ErrorHandling">
        <method signature="ErrorValidationsTest.LoginErrorValidation()[pri:0, instance:anushaankam.tests.ErrorValidationsTest@41f69e84]" name="LoginErrorValidation" class="anushaankam.tests.ErrorValidationsTest"/>
      </group> <!-- ErrorHandling -->
      <group name="Purchase">
        <method signature="SubmitOrderTest.TestApp(java.util.HashMap)[pri:0, instance:anushaankam.tests.SubmitOrderTest@6a8658ff]" name="TestApp" class="anushaankam.tests.SubmitOrderTest"/>
      </group> <!-- Purchase -->
    </groups>
    <test started-at="2024-09-04T19:31:25 IST" name="Error Validations Test" finished-at="2024-09-04T19:32:11 IST" duration-ms="46047">
      <class name="anushaankam.tests.ErrorValidationsTest">
        <test-method is-config="true" signature="launchApplication()[pri:0, instance:anushaankam.tests.ErrorValidationsTest@41f69e84]" started-at="2024-09-04T19:31:25 IST" name="launchApplication" finished-at="2024-09-04T19:31:30 IST" duration-ms="4432" status="PASS">
          <reporter-output>
          </reporter-output>
        </test-method> <!-- launchApplication -->
        <test-method signature="LoginErrorValidation()[pri:0, instance:anushaankam.tests.ErrorValidationsTest@41f69e84]" started-at="2024-09-04T19:31:30 IST" name="LoginErrorValidation" finished-at="2024-09-04T19:31:31 IST" duration-ms="840" status="PASS">
          <reporter-output>
          </reporter-output>
        </test-method> <!-- LoginErrorValidation -->
        <test-method is-config="true" signature="teardown()[pri:0, instance:anushaankam.tests.ErrorValidationsTest@41f69e84]" started-at="2024-09-04T19:31:31 IST" name="teardown" finished-at="2024-09-04T19:31:31 IST" duration-ms="133" status="PASS">
          <reporter-output>
          </reporter-output>
        </test-method> <!-- teardown -->
        <test-method is-config="true" signature="launchApplication()[pri:0, instance:anushaankam.tests.ErrorValidationsTest@41f69e84]" started-at="2024-09-04T19:31:31 IST" name="launchApplication" finished-at="2024-09-04T19:31:35 IST" duration-ms="4367" status="PASS">
          <reporter-output>
          </reporter-output>
        </test-method> <!-- launchApplication -->
        <test-method signature="ProductErrorValidation()[pri:0, instance:anushaankam.tests.ErrorValidationsTest@41f69e84]" started-at="2024-09-04T19:31:35 IST" name="ProductErrorValidation" finished-at="2024-09-04T19:32:11 IST" duration-ms="36042" status="PASS">
          <reporter-output>
          </reporter-output>
        </test-method> <!-- ProductErrorValidation -->
        <test-method is-config="true" signature="teardown()[pri:0, instance:anushaankam.tests.ErrorValidationsTest@41f69e84]" started-at="2024-09-04T19:32:11 IST" name="teardown" finished-at="2024-09-04T19:32:11 IST" duration-ms="170" status="PASS">
          <reporter-output>
          </reporter-output>
        </test-method> <!-- teardown -->
      </class> <!-- anushaankam.tests.ErrorValidationsTest -->
    </test> <!-- Error Validations Test -->
    <test started-at="2024-09-04T19:31:25 IST" name="Submit Order Test" finished-at="2024-09-04T19:35:48 IST" duration-ms="262345">
      <class name="anushaankam.tests.SubmitOrderTest">
        <test-method is-config="true" signature="launchApplication()[pri:0, instance:anushaankam.tests.SubmitOrderTest@6a8658ff]" started-at="2024-09-04T19:31:26 IST" name="launchApplication" finished-at="2024-09-04T19:31:32 IST" duration-ms="5940" status="PASS">
          <reporter-output>
          </reporter-output>
        </test-method> <!-- launchApplication -->
        <test-method signature="TestApp(java.util.HashMap)[pri:0, instance:anushaankam.tests.SubmitOrderTest@6a8658ff]" started-at="2024-09-04T19:31:32 IST" name="TestApp" data-provider="getData" finished-at="2024-09-04T19:32:13 IST" duration-ms="41563" status="PASS">
          <params>
            <param index="0">
              <value>
                <![CDATA[{pwd=Seleniumudemy@7, productname=ZARA COAT 3, email=ankam7063@gmail.com}]]>
              </value>
            </param>
          </params>
          <reporter-output>
          </reporter-output>
        </test-method> <!-- TestApp -->
        <test-method is-config="true" signature="teardown()[pri:0, instance:anushaankam.tests.SubmitOrderTest@6a8658ff]" started-at="2024-09-04T19:32:13 IST" name="teardown" finished-at="2024-09-04T19:32:13 IST" duration-ms="80" status="PASS">
          <reporter-output>
          </reporter-output>
        </test-method> <!-- teardown -->
        <test-method is-config="true" signature="launchApplication()[pri:0, instance:anushaankam.tests.SubmitOrderTest@6a8658ff]" started-at="2024-09-04T19:32:13 IST" name="launchApplication" finished-at="2024-09-04T19:32:16 IST" duration-ms="3084" status="PASS">
          <reporter-output>
          </reporter-output>
        </test-method> <!-- launchApplication -->
        <test-method signature="TestApp(java.util.HashMap)[pri:0, instance:anushaankam.tests.SubmitOrderTest@6a8658ff]" started-at="2024-09-04T19:32:16 IST" name="TestApp" data-provider="getData" finished-at="2024-09-04T19:32:58 IST" duration-ms="41458" status="PASS">
          <params>
            <param index="0">
              <value>
                <![CDATA[{pwd=Data@123, productname=ADIDAS ORIGINAL, email=alekhyaankam3@gmail.com}]]>
              </value>
            </param>
          </params>
          <reporter-output>
          </reporter-output>
        </test-method> <!-- TestApp -->
        <test-method is-config="true" signature="teardown()[pri:0, instance:anushaankam.tests.SubmitOrderTest@6a8658ff]" started-at="2024-09-04T19:32:58 IST" name="teardown" finished-at="2024-09-04T19:32:58 IST" duration-ms="147" status="PASS">
          <reporter-output>
          </reporter-output>
        </test-method> <!-- teardown -->
        <test-method is-config="true" signature="launchApplication()[pri:0, instance:anushaankam.tests.SubmitOrderTest@6a8658ff]" started-at="2024-09-04T19:32:58 IST" name="launchApplication" finished-at="2024-09-04T19:35:46 IST" duration-ms="168483" status="PASS">
          <reporter-output>
          </reporter-output>
        </test-method> <!-- launchApplication -->
        <test-method signature="OrderHistoryTest()[pri:0, instance:anushaankam.tests.SubmitOrderTest@6a8658ff]" started-at="2024-09-04T19:35:46 IST" name="OrderHistoryTest" finished-at="2024-09-04T19:35:48 IST" depends-on-methods="anushaankam.tests.SubmitOrderTest.TestApp" duration-ms="1159" status="PASS">
          <reporter-output>
          </reporter-output>
        </test-method> <!-- OrderHistoryTest -->
        <test-method is-config="true" signature="teardown()[pri:0, instance:anushaankam.tests.SubmitOrderTest@6a8658ff]" started-at="2024-09-04T19:35:48 IST" name="teardown" finished-at="2024-09-04T19:35:48 IST" duration-ms="152" status="PASS">
          <reporter-output>
          </reporter-output>
        </test-method> <!-- teardown -->
      </class> <!-- anushaankam.tests.SubmitOrderTest -->
    </test> <!-- Submit Order Test -->
  </suite> <!-- Suite -->
</testng-results>
