<?xml version="1.0" encoding="UTF-8"?>
<testng-results ignored="0" total="2" passed="2" failed="0" skipped="0">
  <reporter-output>
  </reporter-output>
  <suite started-at="2024-11-06T18:42:25 IST" name="Default suite" finished-at="2024-11-06T18:43:11 IST" duration-ms="45955">
    <groups>
      <group name="ErrorHandling">
        <method signature="ErrorValidationsTest.LoginErrorValidation()[pri:0, instance:anushaankam.tests.ErrorValidationsTest@4a83a74a]" name="LoginErrorValidation" class="anushaankam.tests.ErrorValidationsTest"/>
      </group> <!-- ErrorHandling -->
    </groups>
    <test started-at="2024-11-06T18:42:25 IST" name="Default test" finished-at="2024-11-06T18:43:11 IST" duration-ms="45955">
      <class name="anushaankam.tests.ErrorValidationsTest">
        <test-method is-config="true" signature="launchApplication()[pri:0, instance:anushaankam.tests.ErrorValidationsTest@4a83a74a]" started-at="2024-11-06T18:42:25 IST" name="launchApplication" finished-at="2024-11-06T18:42:30 IST" duration-ms="4911" status="PASS">
          <reporter-output>
          </reporter-output>
        </test-method> <!-- launchApplication -->
        <test-method signature="LoginErrorValidation()[pri:0, instance:anushaankam.tests.ErrorValidationsTest@4a83a74a]" started-at="2024-11-06T18:42:30 IST" name="LoginErrorValidation" finished-at="2024-11-06T18:42:31 IST" duration-ms="789" status="PASS">
          <reporter-output>
          </reporter-output>
        </test-method> <!-- LoginErrorValidation -->
        <test-method is-config="true" signature="teardown()[pri:0, instance:anushaankam.tests.ErrorValidationsTest@4a83a74a]" started-at="2024-11-06T18:42:31 IST" name="teardown" finished-at="2024-11-06T18:42:31 IST" duration-ms="245" status="PASS">
          <reporter-output>
          </reporter-output>
        </test-method> <!-- teardown -->
        <test-method is-config="true" signature="launchApplication()[pri:0, instance:anushaankam.tests.ErrorValidationsTest@4a83a74a]" started-at="2024-11-06T18:42:31 IST" name="launchApplication" finished-at="2024-11-06T18:42:35 IST" duration-ms="3624" status="PASS">
          <reporter-output>
          </reporter-output>
        </test-method> <!-- launchApplication -->
        <test-method signature="ProductErrorValidation()[pri:0, instance:anushaankam.tests.ErrorValidationsTest@4a83a74a]" started-at="2024-11-06T18:42:35 IST" name="ProductErrorValidation" finished-at="2024-11-06T18:43:11 IST" duration-ms="36007" status="PASS">
          <reporter-output>
          </reporter-output>
        </test-method> <!-- ProductErrorValidation -->
        <test-method is-config="true" signature="teardown()[pri:0, instance:anushaankam.tests.ErrorValidationsTest@4a83a74a]" started-at="2024-11-06T18:43:11 IST" name="teardown" finished-at="2024-11-06T18:43:11 IST" duration-ms="252" status="PASS">
          <reporter-output>
          </reporter-output>
        </test-method> <!-- teardown -->
      </class> <!-- anushaankam.tests.ErrorValidationsTest -->
    </test> <!-- Default test -->
  </suite> <!-- Default suite -->
</testng-results>
